Analysis & Synthesis report for Controle
Wed Apr 08 16:42:51 2026
Quartus II 64-Bit Version 13.0.1 Build 232 06/12/2013 Service Pack 1 SJ Web Edition


---------------------
; Table of Contents ;
---------------------
  1. Legal Notice
  2. Analysis & Synthesis Summary
  3. Analysis & Synthesis Settings
  4. Parallel Compilation
  5. Analysis & Synthesis Messages



----------------
; Legal Notice ;
----------------
Copyright (C) 1991-2013 Altera Corporation
Your use of Altera Corporation's design tools, logic functions 
and other software and tools, and its AMPP partner logic 
functions, and any output files from any of the foregoing 
(including device programming or simulation files), and any 
associated documentation or information are expressly subject 
to the terms and conditions of the Altera Program License 
Subscription Agreement, Altera MegaCore Function License 
Agreement, or other applicable license agreement, including, 
without limitation, that your use is for the sole purpose of 
programming logic devices manufactured by Altera and sold by 
Altera or its authorized distributors.  Please refer to the 
applicable agreement for further details.



+--------------------------------------------------------------------------------------+
; Analysis & Synthesis Summary                                                         ;
+------------------------------------+-------------------------------------------------+
; Analysis & Synthesis Status        ; Failed - Wed Apr 08 16:42:51 2026               ;
; Quartus II 64-Bit Version          ; 13.0.1 Build 232 06/12/2013 SP 1 SJ Web Edition ;
; Revision Name                      ; Controle                                        ;
; Top-level Entity Name              ; TOP_LEVEL                                       ;
; Family                             ; Cyclone IV E                                    ;
; Total logic elements               ; N/A until Partition Merge                       ;
;     Total combinational functions  ; N/A until Partition Merge                       ;
;     Dedicated logic registers      ; N/A until Partition Merge                       ;
; Total registers                    ; N/A until Partition Merge                       ;
; Total pins                         ; N/A until Partition Merge                       ;
; Total virtual pins                 ; N/A until Partition Merge                       ;
; Total memory bits                  ; N/A until Partition Merge                       ;
; Embedded Multiplier 9-bit elements ; N/A until Partition Merge                       ;
; Total PLLs                         ; N/A until Partition Merge                       ;
+------------------------------------+-------------------------------------------------+


+----------------------------------------------------------------------------------------------------------------------+
; Analysis & Synthesis Settings                                                                                        ;
+----------------------------------------------------------------------------+--------------------+--------------------+
; Option                                                                     ; Setting            ; Default Value      ;
+----------------------------------------------------------------------------+--------------------+--------------------+
; Device                                                                     ; EP4CE22F17C6       ;                    ;
; Top-level entity name                                                      ; TOP_LEVEL          ; Controle           ;
; Family name                                                                ; Cyclone IV E       ; Cyclone IV GX      ;
; Use smart compilation                                                      ; Off                ; Off                ;
; Enable parallel Assembler and TimeQuest Timing Analyzer during compilation ; On                 ; On                 ;
; Enable compact report table                                                ; Off                ; Off                ;
; Restructure Multiplexers                                                   ; Auto               ; Auto               ;
; Create Debugging Nodes for IP Cores                                        ; Off                ; Off                ;
; Preserve fewer node names                                                  ; On                 ; On                 ;
; Disable OpenCore Plus hardware evaluation                                  ; Off                ; Off                ;
; Verilog Version                                                            ; Verilog_2001       ; Verilog_2001       ;
; VHDL Version                                                               ; VHDL_1993          ; VHDL_1993          ;
; State Machine Processing                                                   ; Auto               ; Auto               ;
; Safe State Machine                                                         ; Off                ; Off                ;
; Extract Verilog State Machines                                             ; On                 ; On                 ;
; Extract VHDL State Machines                                                ; On                 ; On                 ;
; Ignore Verilog initial constructs                                          ; Off                ; Off                ;
; Iteration limit for constant Verilog loops                                 ; 5000               ; 5000               ;
; Iteration limit for non-constant Verilog loops                             ; 250                ; 250                ;
; Add Pass-Through Logic to Inferred RAMs                                    ; On                 ; On                 ;
; Infer RAMs from Raw Logic                                                  ; On                 ; On                 ;
; Parallel Synthesis                                                         ; On                 ; On                 ;
; DSP Block Balancing                                                        ; Auto               ; Auto               ;
; NOT Gate Push-Back                                                         ; On                 ; On                 ;
; Power-Up Don't Care                                                        ; On                 ; On                 ;
; Remove Redundant Logic Cells                                               ; Off                ; Off                ;
; Remove Duplicate Registers                                                 ; On                 ; On                 ;
; Ignore CARRY Buffers                                                       ; Off                ; Off                ;
; Ignore CASCADE Buffers                                                     ; Off                ; Off                ;
; Ignore GLOBAL Buffers                                                      ; Off                ; Off                ;
; Ignore ROW GLOBAL Buffers                                                  ; Off                ; Off                ;
; Ignore LCELL Buffers                                                       ; Off                ; Off                ;
; Ignore SOFT Buffers                                                        ; On                 ; On                 ;
; Limit AHDL Integers to 32 Bits                                             ; Off                ; Off                ;
; Optimization Technique                                                     ; Balanced           ; Balanced           ;
; Carry Chain Length                                                         ; 70                 ; 70                 ;
; Auto Carry Chains                                                          ; On                 ; On                 ;
; Auto Open-Drain Pins                                                       ; On                 ; On                 ;
; Perform WYSIWYG Primitive Resynthesis                                      ; Off                ; Off                ;
; Auto ROM Replacement                                                       ; On                 ; On                 ;
; Auto RAM Replacement                                                       ; On                 ; On                 ;
; Auto DSP Block Replacement                                                 ; On                 ; On                 ;
; Auto Shift Register Replacement                                            ; Auto               ; Auto               ;
; Allow Shift Register Merging across Hierarchies                            ; Auto               ; Auto               ;
; Auto Clock Enable Replacement                                              ; On                 ; On                 ;
; Strict RAM Replacement                                                     ; Off                ; Off                ;
; Allow Synchronous Control Signals                                          ; On                 ; On                 ;
; Force Use of Synchronous Clear Signals                                     ; Off                ; Off                ;
; Auto RAM Block Balancing                                                   ; On                 ; On                 ;
; Auto RAM to Logic Cell Conversion                                          ; Off                ; Off                ;
; Auto Resource Sharing                                                      ; Off                ; Off                ;
; Allow Any RAM Size For Recognition                                         ; Off                ; Off                ;
; Allow Any ROM Size For Recognition                                         ; Off                ; Off                ;
; Allow Any Shift Register Size For Recognition                              ; Off                ; Off                ;
; Use LogicLock Constraints during Resource Balancing                        ; On                 ; On                 ;
; Ignore translate_off and synthesis_off directives                          ; Off                ; Off                ;
; Timing-Driven Synthesis                                                    ; On                 ; On                 ;
; Report Parameter Settings                                                  ; On                 ; On                 ;
; Report Source Assignments                                                  ; On                 ; On                 ;
; Report Connectivity Checks                                                 ; On                 ; On                 ;
; Ignore Maximum Fan-Out Assignments                                         ; Off                ; Off                ;
; Synchronization Register Chain Length                                      ; 2                  ; 2                  ;
; PowerPlay Power Optimization                                               ; Normal compilation ; Normal compilation ;
; HDL message level                                                          ; Level2             ; Level2             ;
; Suppress Register Optimization Related Messages                            ; Off                ; Off                ;
; Number of Removed Registers Reported in Synthesis Report                   ; 5000               ; 5000               ;
; Number of Swept Nodes Reported in Synthesis Report                         ; 5000               ; 5000               ;
; Number of Inverted Registers Reported in Synthesis Report                  ; 100                ; 100                ;
; Clock MUX Protection                                                       ; On                 ; On                 ;
; Auto Gated Clock Conversion                                                ; Off                ; Off                ;
; Block Design Naming                                                        ; Auto               ; Auto               ;
; SDC constraint protection                                                  ; Off                ; Off                ;
; Synthesis Effort                                                           ; Auto               ; Auto               ;
; Shift Register Replacement - Allow Asynchronous Clear Signal               ; On                 ; On                 ;
; Pre-Mapping Resynthesis Optimization                                       ; Off                ; Off                ;
; Analysis & Synthesis Message Level                                         ; Medium             ; Medium             ;
; Disable Register Merging Across Hierarchies                                ; Auto               ; Auto               ;
; Resource Aware Inference For Block RAM                                     ; On                 ; On                 ;
; Synthesis Seed                                                             ; 1                  ; 1                  ;
+----------------------------------------------------------------------------+--------------------+--------------------+


Parallel compilation was disabled, but you have multiple processors available. Enable parallel compilation to reduce compilation time.
+-------------------------------------+
; Parallel Compilation                ;
+----------------------------+--------+
; Processors                 ; Number ;
+----------------------------+--------+
; Number detected on machine ; 16     ;
; Maximum allowed            ; 1      ;
+----------------------------+--------+


+-------------------------------+
; Analysis & Synthesis Messages ;
+-------------------------------+
Info: *******************************************************************
Info: Running Quartus II 64-Bit Analysis & Synthesis
    Info: Version 13.0.1 Build 232 06/12/2013 Service Pack 1 SJ Web Edition
    Info: Processing started: Wed Apr 08 16:42:50 2026
Info: Command: quartus_map --read_settings_files=on --write_settings_files=off Controle -c Controle
Warning (20028): Parallel compilation is not licensed and has been disabled
Info (12021): Found 2 design units, including 1 entities, in source file ip_modules/calculateur.vhd
    Info (12022): Found design unit 1: CALCULATEUR-rtl
    Info (12023): Found entity 1: CALCULATEUR
Info (12021): Found 2 design units, including 1 entities, in source file ip_modules/pll_2freqs.vhd
    Info (12022): Found design unit 1: pll_2freqs-SYN
    Info (12023): Found entity 1: pll_2freqs
Info (12021): Found 2 design units, including 1 entities, in source file ip_modules/capteurs_sol.vhd
    Info (12022): Found design unit 1: capteurs_sol-RTL
    Info (12023): Found entity 1: capteurs_sol
Info (12021): Found 2 design units, including 1 entities, in source file top_level.vhd
    Info (12022): Found design unit 1: TOP_LEVEL-rtl
    Info (12023): Found entity 1: TOP_LEVEL
Info (12127): Elaborating entity "TOP_LEVEL" for the top level hierarchy
Warning (10036): Verilog HDL or VHDL warning at TOP_LEVEL.vhd(146): object "base_speed_sig" assigned a value but never read
Warning (10036): Verilog HDL or VHDL warning at TOP_LEVEL.vhd(149): object "start_rot_sig" assigned a value but never read
Warning (10036): Verilog HDL or VHDL warning at TOP_LEVEL.vhd(150): object "dir_rot_sig" assigned a value but never read
Warning (10036): Verilog HDL or VHDL warning at TOP_LEVEL.vhd(153): object "motor_left_cmd" assigned a value but never read
Warning (10036): Verilog HDL or VHDL warning at TOP_LEVEL.vhd(154): object "motor_right_cmd" assigned a value but never read
Warning (10036): Verilog HDL or VHDL warning at TOP_LEVEL.vhd(166): object "data6_sig" assigned a value but never read
Info (12128): Elaborating entity "capteurs_sol" for hierarchy "capteurs_sol:u_capteurs"
Warning (10036): Verilog HDL or VHDL warning at capteurs_sol.vhd(100): object "rx_data_bit_index" assigned a value but never read
Warning (10631): VHDL Process Statement warning at capteurs_sol.vhd(187): inferring latch(es) for signal or variable "channel_config", which holds its previous value in one or more paths through the process
Info (10041): Inferred latch for "channel_config[0]" at capteurs_sol.vhd(187)
Info (10041): Inferred latch for "channel_config[1]" at capteurs_sol.vhd(187)
Info (10041): Inferred latch for "channel_config[2]" at capteurs_sol.vhd(187)
Info (10041): Inferred latch for "channel_config[3]" at capteurs_sol.vhd(187)
Info (10041): Inferred latch for "channel_config[4]" at capteurs_sol.vhd(187)
Info (10041): Inferred latch for "channel_config[5]" at capteurs_sol.vhd(187)
Error (12006): Node instance "u_nios" instantiates undefined entity "nios_system_sdram" File: C:/Users/Dell/Documents/my_APP5/Co-design/controle/controle_/TOP_LEVEL.vhd Line: 182
Error (12006): Node instance "u_div2" instantiates undefined entity "clock_div2" File: C:/Users/Dell/Documents/my_APP5/Co-design/controle/controle_/TOP_LEVEL.vhd Line: 220
Error (12006): Node instance "u_pulse" instantiates undefined entity "pulse_gen" File: C:/Users/Dell/Documents/my_APP5/Co-design/controle/controle_/TOP_LEVEL.vhd Line: 228
Error (12006): Node instance "u_calc" instantiates undefined entity "calculateur_cable" File: C:/Users/Dell/Documents/my_APP5/Co-design/controle/controle_/TOP_LEVEL.vhd Line: 297
Error: Quartus II 64-Bit Analysis & Synthesis was unsuccessful. 4 errors, 9 warnings
    Error: Peak virtual memory: 4630 megabytes
    Error: Processing ended: Wed Apr 08 16:42:51 2026
    Error: Elapsed time: 00:00:01
    Error: Total CPU time (on all processors): 00:00:01


